<?xml version="1.0" encoding="UTF-8" ?>
<testsuite tests="6" failures="0" name="BusinessLogic.OperationsTest" time="0.009" errors="0" skipped="0">
  <properties>
[...]
</properties>
  <testcase classname="BusinessLogic.OperationsTest" name="polyMultiplication" time="0.008"/>
  <testcase classname="BusinessLogic.OperationsTest" name="polyIntegrate" time="0"/>
  <testcase classname="BusinessLogic.OperationsTest" name="polyAddition" time="0"/>
  <testcase classname="BusinessLogic.OperationsTest" name="polyDerivative" time="0"/>
  <testcase classname="BusinessLogic.OperationsTest" name="polyDivide" time="0"/>
  <testcase classname="BusinessLogic.OperationsTest" name="polySubtraction" time="0.001"/>
</testsuite>